<?xml version="1.0" encoding="UTF-8"?>
<coverage generated="1745918146">
  <project timestamp="1745918146">
    <file name="/src/src/FakeFunctions.php">
      <class name="Filisko\FakeFunctions" namespace="global">
        <metrics complexity="22" methods="19" coveredmethods="19" conditionals="0" coveredconditionals="0" statements="26" coveredstatements="26" elements="45" coveredelements="45"/>
      </class>
      <line num="38" type="method" name="__construct" visibility="public" complexity="1" crap="1" count="14"/>
      <line num="40" type="stmt" count="14"/>
      <line num="48" type="method" name="run" visibility="protected" complexity="4" crap="4" count="10"/>
      <line num="50" type="stmt" count="10"/>
      <line num="51" type="stmt" count="1"/>
      <line num="54" type="stmt" count="9"/>
      <line num="56" type="stmt" count="9"/>
      <line num="57" type="stmt" count="2"/>
      <line num="60" type="stmt" count="7"/>
      <line num="61" type="stmt" count="6"/>
      <line num="64" type="stmt" count="1"/>
      <line num="72" type="method" name="__call" visibility="public" complexity="1" crap="1" count="6"/>
      <line num="74" type="stmt" count="6"/>
      <line num="80" type="method" name="require_once" visibility="public" complexity="1" crap="1" count="1"/>
      <line num="82" type="stmt" count="1"/>
      <line num="88" type="method" name="require" visibility="public" complexity="1" crap="1" count="1"/>
      <line num="90" type="stmt" count="1"/>
      <line num="96" type="method" name="include_once" visibility="public" complexity="1" crap="1" count="1"/>
      <line num="98" type="stmt" count="1"/>
      <line num="104" type="method" name="include" visibility="public" complexity="1" crap="1" count="1"/>
      <line num="106" type="stmt" count="1"/>
      <line num="112" type="method" name="exit" visibility="public" complexity="1" crap="1" count="1"/>
      <line num="114" type="stmt" count="1"/>
      <line num="120" type="method" name="exitCode" visibility="public" complexity="1" crap="1" count="1"/>
      <line num="122" type="stmt" count="1"/>
      <line num="128" type="method" name="didExit" visibility="public" complexity="1" crap="1" count="1"/>
      <line num="130" type="stmt" count="1"/>
      <line num="136" type="method" name="die" visibility="public" complexity="1" crap="1" count="1"/>
      <line num="138" type="stmt" count="1"/>
      <line num="144" type="method" name="died" visibility="public" complexity="1" crap="1" count="1"/>
      <line num="146" type="stmt" count="1"/>
      <line num="152" type="method" name="dieCode" visibility="public" complexity="1" crap="1" count="1"/>
      <line num="154" type="stmt" count="1"/>
      <line num="160" type="method" name="echo" visibility="public" complexity="1" crap="1" count="1"/>
      <line num="162" type="stmt" count="1"/>
      <line num="168" type="method" name="echos" visibility="public" complexity="1" crap="1" count="1"/>
      <line num="170" type="stmt" count="1"/>
      <line num="173" type="method" name="wasEchoed" visibility="public" complexity="1" crap="1" count="1"/>
      <line num="175" type="stmt" count="1"/>
      <line num="181" type="method" name="print" visibility="public" complexity="1" crap="1" count="1"/>
      <line num="183" type="stmt" count="1"/>
      <line num="186" type="method" name="wasPrinted" visibility="public" complexity="1" crap="1" count="1"/>
      <line num="188" type="stmt" count="1"/>
      <line num="194" type="method" name="prints" visibility="public" complexity="1" crap="1" count="1"/>
      <line num="196" type="stmt" count="1"/>
      <metrics loc="199" ncloc="131" classes="1" methods="19" coveredmethods="19" conditionals="0" coveredconditionals="0" statements="26" coveredstatements="26" elements="45" coveredelements="45"/>
    </file>
    <file name="/src/src/FakeStack.php">
      <class name="Filisko\FakeStack" namespace="global">
        <metrics complexity="4" methods="2" coveredmethods="2" conditionals="0" coveredconditionals="0" statements="7" coveredstatements="7" elements="9" coveredelements="9"/>
      </class>
      <line num="13" type="method" name="__construct" visibility="public" complexity="1" crap="1" count="6"/>
      <line num="15" type="stmt" count="6"/>
      <line num="21" type="method" name="value" visibility="public" complexity="3" crap="3" count="6"/>
      <line num="23" type="stmt" count="6"/>
      <line num="24" type="stmt" count="1"/>
      <line num="27" type="stmt" count="6"/>
      <line num="29" type="stmt" count="6"/>
      <line num="30" type="stmt" count="3"/>
      <line num="33" type="stmt" count="5"/>
      <metrics loc="36" ncloc="33" classes="1" methods="2" coveredmethods="2" conditionals="0" coveredconditionals="0" statements="7" coveredstatements="7" elements="9" coveredelements="9"/>
    </file>
    <file name="/src/src/FakeStack/EmptyFakeStackException.php">
      <class name="Filisko\FakeStack\EmptyFakeStackException" namespace="global">
        <metrics complexity="0" methods="0" coveredmethods="0" conditionals="0" coveredconditionals="0" statements="0" coveredstatements="0" elements="0" coveredelements="0"/>
      </class>
      <metrics loc="12" ncloc="12" classes="0" methods="0" coveredmethods="0" conditionals="0" coveredconditionals="0" statements="0" coveredstatements="0" elements="0" coveredelements="0"/>
    </file>
    <file name="/src/src/FakeStack/NotMockedFunction.php">
      <class name="Filisko\FakeStack\NotMockedFunction" namespace="global">
        <metrics complexity="0" methods="0" coveredmethods="0" conditionals="0" coveredconditionals="0" statements="0" coveredstatements="0" elements="0" coveredelements="0"/>
      </class>
      <metrics loc="12" ncloc="12" classes="0" methods="0" coveredmethods="0" conditionals="0" coveredconditionals="0" statements="0" coveredstatements="0" elements="0" coveredelements="0"/>
    </file>
    <file name="/src/src/Functions.php">
      <class name="Filisko\Functions" namespace="global">
        <metrics complexity="10" methods="9" coveredmethods="7" conditionals="0" coveredconditionals="0" statements="11" coveredstatements="9" elements="20" coveredelements="16"/>
      </class>
      <line num="23" type="method" name="__call" visibility="public" complexity="2" crap="2" count="2"/>
      <line num="25" type="stmt" count="2"/>
      <line num="26" type="stmt" count="1"/>
      <line num="29" type="stmt" count="1"/>
      <line num="37" type="method" name="require_once" visibility="public" complexity="1" crap="1" count="1"/>
      <line num="39" type="stmt" count="1"/>
      <line num="46" type="method" name="require" visibility="public" complexity="1" crap="1" count="1"/>
      <line num="48" type="stmt" count="1"/>
      <line num="58" type="method" name="include_once" visibility="public" complexity="1" crap="1" count="1"/>
      <line num="60" type="stmt" count="1"/>
      <line num="67" type="method" name="include" visibility="public" complexity="1" crap="1" count="1"/>
      <line num="69" type="stmt" count="1"/>
      <line num="76" type="method" name="exit" visibility="public" complexity="1" crap="2" count="0"/>
      <line num="78" type="stmt" count="0"/>
      <line num="85" type="method" name="die" visibility="public" complexity="1" crap="2" count="0"/>
      <line num="87" type="stmt" count="0"/>
      <line num="93" type="method" name="echo" visibility="public" complexity="1" crap="1" count="1"/>
      <line num="95" type="stmt" count="1"/>
      <line num="101" type="method" name="print" visibility="public" complexity="1" crap="1" count="1"/>
      <line num="103" type="stmt" count="1"/>
      <metrics loc="106" ncloc="60" classes="1" methods="9" coveredmethods="7" conditionals="0" coveredconditionals="0" statements="11" coveredstatements="9" elements="20" coveredelements="16"/>
    </file>
    <metrics files="5" loc="365" ncloc="248" classes="3" methods="30" coveredmethods="28" conditionals="0" coveredconditionals="0" statements="44" coveredstatements="42" elements="74" coveredelements="70"/>
  </project>
</coverage>
